c:\dev\sais\release\libsais.dll
c:\dev\sais\output\strange adventures.vcxprojresolveassemblyreference.cache
c:\dev\sais\output\cards.obj
c:\dev\sais\output\combat.obj
c:\dev\sais\output\combat_display.obj
c:\dev\sais\output\combat_init.obj
c:\dev\sais\output\combat_sim.obj
c:\dev\sais\output\combat_weapons.obj
c:\dev\sais\output\endgame.obj
c:\dev\sais\output\font.obj
c:\dev\sais\output\gfx.obj
c:\dev\sais\output\interface.obj
c:\dev\sais\output\is_fileio.obj
c:\dev\sais\output\main.obj
c:\dev\sais\output\modconfig.obj
c:\dev\sais\output\sdl_iface.obj
c:\dev\sais\output\sdl_main.obj
c:\dev\sais\output\sound.obj
c:\dev\sais\output\sprites.obj
c:\dev\sais\output\starmap.obj
c:\dev\sais\output\starmap_encounters.obj
c:\dev\sais\output\starmap_init.obj
c:\dev\sais\output\starmap_inventory.obj
c:\dev\sais\output\startgame.obj
c:\dev\sais\output\textstr.obj
c:\dev\sais\output\w32_gfx.obj
c:\dev\sais\output\w32_sound.obj
c:\dev\sais\output\vc140.pdb
c:\dev\sais\output\strange .3c3afbe1.tlog\cl.command.1.tlog
c:\dev\sais\output\strange .3c3afbe1.tlog\metagen.write.1.tlog
c:\dev\sais\output\strange .3c3afbe1.tlog\strange adventures.write.1u.tlog
